c:\users\josel\cgbemu\cgbemu\debug\imgui_impl_opengl2.obj
c:\users\josel\cgbemu\cgbemu\debug\imgui_draw.obj
c:\users\josel\cgbemu\cgbemu\debug\cpu.obj
c:\users\josel\cgbemu\cgbemu\debug\imgui.obj
c:\users\josel\cgbemu\cgbemu\debug\interrupts.obj
c:\users\josel\cgbemu\cgbemu\debug\gui.obj
c:\users\josel\cgbemu\cgbemu\debug\imgui_widgets.obj
c:\users\josel\cgbemu\cgbemu\debug\main.obj
c:\users\josel\cgbemu\cgbemu\debug\mmu.obj
c:\users\josel\cgbemu\cgbemu\debug\gpu.obj
c:\users\josel\cgbemu\cgbemu\debug\imgui_impl_sdl.obj
c:\users\josel\cgbemu\cgbemu\debug\vc141.pdb
c:\users\josel\cgbemu\cgbemu\debug\vc141.idb
c:\users\josel\cgbemu\debug\cgbemu.pdb
c:\users\josel\cgbemu\cgbemu\debug\cgbemu.tlog\cl.13352.write.1.tlog
c:\users\josel\cgbemu\cgbemu\debug\cgbemu.tlog\cl.command.1.tlog
c:\users\josel\cgbemu\cgbemu\debug\cgbemu.tlog\cl.read.1.tlog
c:\users\josel\cgbemu\cgbemu\debug\cgbemu.tlog\link-cvtres.read.1.tlog
c:\users\josel\cgbemu\cgbemu\debug\cgbemu.tlog\link-cvtres.write.1.tlog
c:\users\josel\cgbemu\cgbemu\debug\cgbemu.tlog\link-rc.read.1.tlog
c:\users\josel\cgbemu\cgbemu\debug\cgbemu.tlog\link-rc.write.1.tlog
c:\users\josel\cgbemu\cgbemu\debug\cgbemu.tlog\link.command.1.tlog
c:\users\josel\cgbemu\cgbemu\debug\cgbemu.tlog\link.read.1.tlog
c:\users\josel\cgbemu\cgbemu\debug\cgbemu.tlog\link.write.1.tlog
